C:\w\www\git\NgAppTm\NgAppTm\src\app\app.component.js
C:\w\www\git\NgAppTm\NgAppTm\src\app\app.component.js.map
C:\w\www\git\NgAppTm\NgAppTm\src\app\publication\publication.component.js
C:\w\www\git\NgAppTm\NgAppTm\src\app\publication\publication.component.js.map
C:\w\www\git\NgAppTm\NgAppTm\src\app\publication\publicationList.component.js
C:\w\www\git\NgAppTm\NgAppTm\src\app\publication\publicationList.component.js.map
C:\w\www\git\NgAppTm\NgAppTm\src\app\publication\PublicationCount.component.js
C:\w\www\git\NgAppTm\NgAppTm\src\app\publication\PublicationCount.component.js.map
C:\w\www\git\NgAppTm\NgAppTm\src\app\utils\simple.component.js
C:\w\www\git\NgAppTm\NgAppTm\src\app\utils\simple.component.js.map
C:\w\www\git\NgAppTm\NgAppTm\src\app\blog\blog.component.js
C:\w\www\git\NgAppTm\NgAppTm\src\app\blog\blog.component.js.map
C:\w\www\git\NgAppTm\NgAppTm\src\app\blog\blogList.component.js
C:\w\www\git\NgAppTm\NgAppTm\src\app\blog\blogList.component.js.map
C:\w\www\git\NgAppTm\NgAppTm\src\app\app.module.js
C:\w\www\git\NgAppTm\NgAppTm\src\app\app.module.js.map
C:\w\www\git\NgAppTm\NgAppTm\src\main.js
C:\w\www\git\NgAppTm\NgAppTm\src\main.js.map
C:\w\www\git\NgAppTm\NgAppTm\src\app\app.component.spec.js
C:\w\www\git\NgAppTm\NgAppTm\src\app\app.component.spec.js.map
C:\w\www\git\NgAppTm\NgAppTm\src\app\publication\publication.Title.pipe.js
C:\w\www\git\NgAppTm\NgAppTm\src\app\publication\publication.Title.pipe.js.map
C:\w\www\git\NgAppTm\NgAppTm\src\app\publication\publication.js
C:\w\www\git\NgAppTm\NgAppTm\src\app\publication\publication.js.map
C:\w\www\git\NgAppTm\NgAppTm\src\app\publication\publicationTitle.pipe.js
C:\w\www\git\NgAppTm\NgAppTm\src\app\publication\publicationTitle.pipe.js.map
