c:\w\www\git\NgAppTm\NgAppTm\src\app\app.component.js
c:\w\www\git\NgAppTm\NgAppTm\src\app\app.component.js.map
c:\w\www\git\NgAppTm\NgAppTm\src\app\publication\publication.component.js
c:\w\www\git\NgAppTm\NgAppTm\src\app\publication\publication.component.js.map
c:\w\www\git\NgAppTm\NgAppTm\src\app\publication\publication.js
c:\w\www\git\NgAppTm\NgAppTm\src\app\publication\publication.js.map
c:\w\www\git\NgAppTm\NgAppTm\src\app\publication\publication.service.js
c:\w\www\git\NgAppTm\NgAppTm\src\app\publication\publication.service.js.map
c:\w\www\git\NgAppTm\NgAppTm\src\app\publication\publicationList.component.js
c:\w\www\git\NgAppTm\NgAppTm\src\app\publication\publicationList.component.js.map
c:\w\www\git\NgAppTm\NgAppTm\src\app\publication\PublicationCount.component.js
c:\w\www\git\NgAppTm\NgAppTm\src\app\publication\PublicationCount.component.js.map
c:\w\www\git\NgAppTm\NgAppTm\src\app\utils\simple.component.js
c:\w\www\git\NgAppTm\NgAppTm\src\app\utils\simple.component.js.map
c:\w\www\git\NgAppTm\NgAppTm\src\app\home\home.component.js
c:\w\www\git\NgAppTm\NgAppTm\src\app\home\home.component.js.map
c:\w\www\git\NgAppTm\NgAppTm\src\app\home\pageNotFound.component.js
c:\w\www\git\NgAppTm\NgAppTm\src\app\home\pageNotFound.component.js.map
c:\w\www\git\NgAppTm\NgAppTm\src\app\blog\blog.component.js
c:\w\www\git\NgAppTm\NgAppTm\src\app\blog\blog.component.js.map
c:\w\www\git\NgAppTm\NgAppTm\src\app\blog\blogList.component.js
c:\w\www\git\NgAppTm\NgAppTm\src\app\blog\blogList.component.js.map
c:\w\www\git\NgAppTm\NgAppTm\src\app\app.module.js
c:\w\www\git\NgAppTm\NgAppTm\src\app\app.module.js.map
c:\w\www\git\NgAppTm\NgAppTm\src\main.js
c:\w\www\git\NgAppTm\NgAppTm\src\main.js.map
c:\w\www\git\NgAppTm\NgAppTm\src\app\app.component.spec.js
c:\w\www\git\NgAppTm\NgAppTm\src\app\app.component.spec.js.map
c:\w\www\git\NgAppTm\NgAppTm\src\app\employee\employee.Title.pipe.js
c:\w\www\git\NgAppTm\NgAppTm\src\app\employee\employee.Title.pipe.js.map
c:\w\www\git\NgAppTm\NgAppTm\src\app\employee\employee.component.js
c:\w\www\git\NgAppTm\NgAppTm\src\app\employee\employee.component.js.map
c:\w\www\git\NgAppTm\NgAppTm\src\app\employee\employeeCount.component.js
c:\w\www\git\NgAppTm\NgAppTm\src\app\employee\employeeCount.component.js.map
c:\w\www\git\NgAppTm\NgAppTm\src\app\employee\employeeList.component.js
c:\w\www\git\NgAppTm\NgAppTm\src\app\employee\employeeList.component.js.map
c:\w\www\git\NgAppTm\NgAppTm\src\app\publication\publication.Title.pipe.js
c:\w\www\git\NgAppTm\NgAppTm\src\app\publication\publication.Title.pipe.js.map
c:\w\www\git\NgAppTm\NgAppTm\src\app\publication\publicationTitle.pipe.js
c:\w\www\git\NgAppTm\NgAppTm\src\app\publication\publicationTitle.pipe.js.map
