C:\w\www\git\ng2app\NgAppTm\src\app\shared\navbar.component.js
C:\w\www\git\ng2app\NgAppTm\src\app\shared\navbar.component.js.map
C:\w\www\git\ng2app\NgAppTm\src\app\home\home.component.js
C:\w\www\git\ng2app\NgAppTm\src\app\home\home.component.js.map
C:\w\www\git\ng2app\NgAppTm\src\app\home\pageNotFound.component.js
C:\w\www\git\ng2app\NgAppTm\src\app\home\pageNotFound.component.js.map
C:\w\www\git\ng2app\NgAppTm\src\app\publication\publication.component.js
C:\w\www\git\ng2app\NgAppTm\src\app\publication\publication.component.js.map
C:\w\www\git\ng2app\NgAppTm\src\app\publication\publication.js
C:\w\www\git\ng2app\NgAppTm\src\app\publication\publication.js.map
C:\w\www\git\ng2app\NgAppTm\src\app\publication\publication.service.js
C:\w\www\git\ng2app\NgAppTm\src\app\publication\publication.service.js.map
C:\w\www\git\ng2app\NgAppTm\src\app\publication\publicationList.component.js
C:\w\www\git\ng2app\NgAppTm\src\app\publication\publicationList.component.js.map
C:\w\www\git\ng2app\NgAppTm\src\app\shared\app.routing.js
C:\w\www\git\ng2app\NgAppTm\src\app\shared\app.routing.js.map
C:\w\www\git\ng2app\NgAppTm\src\app\app.component.js
C:\w\www\git\ng2app\NgAppTm\src\app\app.component.js.map
C:\w\www\git\ng2app\NgAppTm\src\app\publication\PublicationCount.component.js
C:\w\www\git\ng2app\NgAppTm\src\app\publication\PublicationCount.component.js.map
C:\w\www\git\ng2app\NgAppTm\src\app\utils\simple.component.js
C:\w\www\git\ng2app\NgAppTm\src\app\utils\simple.component.js.map
C:\w\www\git\ng2app\NgAppTm\src\app\blog\blog.component.js
C:\w\www\git\ng2app\NgAppTm\src\app\blog\blog.component.js.map
C:\w\www\git\ng2app\NgAppTm\src\app\blog\blogList.component.js
C:\w\www\git\ng2app\NgAppTm\src\app\blog\blogList.component.js.map
C:\w\www\git\ng2app\NgAppTm\src\app\app.module.js
C:\w\www\git\ng2app\NgAppTm\src\app\app.module.js.map
C:\w\www\git\ng2app\NgAppTm\src\main.js
C:\w\www\git\ng2app\NgAppTm\src\main.js.map
C:\w\www\git\ng2app\NgAppTm\src\app\app.component.spec.js
C:\w\www\git\ng2app\NgAppTm\src\app\app.component.spec.js.map
C:\w\www\git\ng2app\NgAppTm\src\app\admin\adminComponent\admin.component.js
C:\w\www\git\ng2app\NgAppTm\src\app\admin\adminComponent\admin.component.js.map
C:\w\www\git\ng2app\NgAppTm\src\app\admin\adminShared\user.service.js
C:\w\www\git\ng2app\NgAppTm\src\app\admin\adminShared\user.service.js.map
C:\w\www\git\ng2app\NgAppTm\src\app\admin\adminMenu\admin-menu.component.js
C:\w\www\git\ng2app\NgAppTm\src\app\admin\adminMenu\admin-menu.component.js.map
C:\w\www\git\ng2app\NgAppTm\src\app\admin\login\login.component.js
C:\w\www\git\ng2app\NgAppTm\src\app\admin\login\login.component.js.map
C:\w\www\git\ng2app\NgAppTm\src\app\admin\signUp\sign-up.component.js
C:\w\www\git\ng2app\NgAppTm\src\app\admin\signUp\sign-up.component.js.map
C:\w\www\git\ng2app\NgAppTm\src\app\admin\adminShared\blog.js
C:\w\www\git\ng2app\NgAppTm\src\app\admin\adminShared\blog.js.map
C:\w\www\git\ng2app\NgAppTm\src\app\admin\adminShared\blog-admin.service.js
C:\w\www\git\ng2app\NgAppTm\src\app\admin\adminShared\blog-admin.service.js.map
C:\w\www\git\ng2app\NgAppTm\src\app\admin\blogAdmin\blog-admin.component.js
C:\w\www\git\ng2app\NgAppTm\src\app\admin\blogAdmin\blog-admin.component.js.map
C:\w\www\git\ng2app\NgAppTm\src\app\admin\blogAdd\blog-add.component.js
C:\w\www\git\ng2app\NgAppTm\src\app\admin\blogAdd\blog-add.component.js.map
C:\w\www\git\ng2app\NgAppTm\src\app\admin\adminShared\trunc.pipe.js
C:\w\www\git\ng2app\NgAppTm\src\app\admin\adminShared\trunc.pipe.js.map
C:\w\www\git\ng2app\NgAppTm\src\app\admin\adminShared\product.js
C:\w\www\git\ng2app\NgAppTm\src\app\admin\adminShared\product.js.map
C:\w\www\git\ng2app\NgAppTm\src\app\admin\adminShared\product-admin.service.js
C:\w\www\git\ng2app\NgAppTm\src\app\admin\adminShared\product-admin.service.js.map
C:\w\www\git\ng2app\NgAppTm\src\app\admin\productAdmin\product-admin.component.js
C:\w\www\git\ng2app\NgAppTm\src\app\admin\productAdmin\product-admin.component.js.map
C:\w\www\git\ng2app\NgAppTm\src\app\admin\productAdd\product-add.component.js
C:\w\www\git\ng2app\NgAppTm\src\app\admin\productAdd\product-add.component.js.map
C:\w\www\git\ng2app\NgAppTm\src\app\admin\admin.module.js
C:\w\www\git\ng2app\NgAppTm\src\app\admin\admin.module.js.map
C:\w\www\git\ng2app\NgAppTm\src\app\blogDetail\blog-detail.component.js
C:\w\www\git\ng2app\NgAppTm\src\app\blogDetail\blog-detail.component.js.map
C:\w\www\git\ng2app\NgAppTm\src\app\shared\shopping-cart.service.js
C:\w\www\git\ng2app\NgAppTm\src\app\shared\shopping-cart.service.js.map
C:\w\www\git\ng2app\NgAppTm\src\app\cart\cart.component.js
C:\w\www\git\ng2app\NgAppTm\src\app\cart\cart.component.js.map
C:\w\www\git\ng2app\NgAppTm\src\app\employee\employee.Title.pipe.js
C:\w\www\git\ng2app\NgAppTm\src\app\employee\employee.Title.pipe.js.map
C:\w\www\git\ng2app\NgAppTm\src\app\employee\employee.component.js
C:\w\www\git\ng2app\NgAppTm\src\app\employee\employee.component.js.map
C:\w\www\git\ng2app\NgAppTm\src\app\employee\employeeCount.component.js
C:\w\www\git\ng2app\NgAppTm\src\app\employee\employeeCount.component.js.map
C:\w\www\git\ng2app\NgAppTm\src\app\employee\employeeList.component.js
C:\w\www\git\ng2app\NgAppTm\src\app\employee\employeeList.component.js.map
C:\w\www\git\ng2app\NgAppTm\src\app\error\error.component.js
C:\w\www\git\ng2app\NgAppTm\src\app\error\error.component.js.map
C:\w\www\git\ng2app\NgAppTm\src\app\home\home1.component.js
C:\w\www\git\ng2app\NgAppTm\src\app\home\home1.component.js.map
C:\w\www\git\ng2app\NgAppTm\src\app\productDetail\product-detail.component.js
C:\w\www\git\ng2app\NgAppTm\src\app\productDetail\product-detail.component.js.map
C:\w\www\git\ng2app\NgAppTm\src\app\publication\publication.Title.pipe.js
C:\w\www\git\ng2app\NgAppTm\src\app\publication\publication.Title.pipe.js.map
C:\w\www\git\ng2app\NgAppTm\src\app\publication\publicationTitle.pipe.js
C:\w\www\git\ng2app\NgAppTm\src\app\publication\publicationTitle.pipe.js.map
C:\w\www\git\ng2app\NgAppTm\src\app\shop\shop.component.js
C:\w\www\git\ng2app\NgAppTm\src\app\shop\shop.component.js.map
C:\w\www\git\ng2app\NgAppTm\src\app\start\app.component.js
C:\w\www\git\ng2app\NgAppTm\src\app\start\app.component.js.map
C:\w\www\git\ng2app\NgAppTm\src\app\start\app.component.spec.js
C:\w\www\git\ng2app\NgAppTm\src\app\start\app.component.spec.js.map
